0 info it worked if it ends with ok
1 verbose cli [ '/usr/bin/node',
1 verbose cli   '/usr/bin/npm',
1 verbose cli   'install',
1 verbose cli   'nodemailer-smtp-stransport' ]
2 info using npm@1.4.28
3 info using node@v0.10.37
4 verbose node symlink /usr/bin/node
5 verbose readDependencies using package.json deps
6 verbose cache add [ 'nodemailer-smtp-stransport', null ]
7 verbose cache add name=undefined spec="nodemailer-smtp-stransport" args=["nodemailer-smtp-stransport",null]
8 verbose parsed url { protocol: null,
8 verbose parsed url   slashes: null,
8 verbose parsed url   auth: null,
8 verbose parsed url   host: null,
8 verbose parsed url   port: null,
8 verbose parsed url   hostname: null,
8 verbose parsed url   hash: null,
8 verbose parsed url   search: null,
8 verbose parsed url   query: null,
8 verbose parsed url   pathname: 'nodemailer-smtp-stransport',
8 verbose parsed url   path: 'nodemailer-smtp-stransport',
8 verbose parsed url   href: 'nodemailer-smtp-stransport' }
9 silly lockFile 8d17f0f8-nodemailer-smtp-stransport nodemailer-smtp-stransport
10 verbose lock nodemailer-smtp-stransport /home/thanh/.npm/8d17f0f8-nodemailer-smtp-stransport.lock
11 silly lockFile 8d17f0f8-nodemailer-smtp-stransport nodemailer-smtp-stransport
12 silly lockFile 8d17f0f8-nodemailer-smtp-stransport nodemailer-smtp-stransport
13 verbose addNamed [ 'nodemailer-smtp-stransport', '' ]
14 verbose addNamed [ null, '*' ]
15 silly lockFile 4353de64-nodemailer-smtp-stransport nodemailer-smtp-stransport@
16 verbose lock nodemailer-smtp-stransport@ /home/thanh/.npm/4353de64-nodemailer-smtp-stransport.lock
17 silly addNameRange { name: 'nodemailer-smtp-stransport',
17 silly addNameRange   range: '*',
17 silly addNameRange   hasData: false }
18 verbose request where is /nodemailer-smtp-stransport
19 verbose request registry https://registry.npmjs.org/
20 verbose request id 115f3e9678b34113
21 verbose url raw /nodemailer-smtp-stransport
22 verbose url resolving [ 'https://registry.npmjs.org/',
22 verbose url resolving   './nodemailer-smtp-stransport' ]
23 verbose url resolved https://registry.npmjs.org/nodemailer-smtp-stransport
24 verbose request where is https://registry.npmjs.org/nodemailer-smtp-stransport
25 info trying registry request attempt 1 at 16:48:46
26 http GET https://registry.npmjs.org/nodemailer-smtp-stransport
27 http 404 https://registry.npmjs.org/nodemailer-smtp-stransport
28 silly registry.get cb [ 404,
28 silly registry.get   { 'content-type': 'application/json',
28 silly registry.get     'cache-control': 'max-age=0',
28 silly registry.get     'content-length': '2',
28 silly registry.get     'accept-ranges': 'bytes',
28 silly registry.get     date: 'Mon, 19 Oct 2015 09:48:46 GMT',
28 silly registry.get     via: '1.1 varnish',
28 silly registry.get     age: '0',
28 silly registry.get     connection: 'keep-alive',
28 silly registry.get     'x-served-by': 'cache-lax1434-LAX',
28 silly registry.get     'x-cache': 'MISS',
28 silly registry.get     'x-cache-hits': '0',
28 silly registry.get     'x-timer': 'S1445248126.900152,VS0,VE52' } ]
29 silly lockFile 4353de64-nodemailer-smtp-stransport nodemailer-smtp-stransport@
30 silly lockFile 4353de64-nodemailer-smtp-stransport nodemailer-smtp-stransport@
31 error 404 Not Found
31 error 404
31 error 404 'nodemailer-smtp-stransport' is not in the npm registry.
31 error 404 You should bug the author to publish it
31 error 404 It was specified as a dependency of 'RedimedProject'
31 error 404
31 error 404 Note that you can also install from a
31 error 404 tarball, folder, or http url, or git url.
32 error System Linux 3.19.0-30-generic
33 error command "/usr/bin/node" "/usr/bin/npm" "install" "nodemailer-smtp-stransport"
34 error cwd /home/thanh/Working/MeditekProjects/Web Applications/UrgentRequestServer
35 error node -v v0.10.37
36 error npm -v 1.4.28
37 error code E404
38 verbose exit [ 1, true ]
