0 info it worked if it ends with ok
1 verbose cli [ '/usr/local/bin/node', '/usr/local/bin/npm', 'shrinkwrap' ]
2 info using npm@2.11.3
3 info using node@v0.12.7
4 verbose stack Error: Problems were encountered
4 verbose stack Please correct and try again.
4 verbose stack extraneous: bindings@1.2.1 /home/kakalot08/Desktop/Code/MeditekProjects/Web Applications/Auth/node_modules/bindings
4 verbose stack extraneous: nan@2.0.9 /home/kakalot08/Desktop/Code/MeditekProjects/Web Applications/Auth/node_modules/nan
4 verbose stack     at shrinkwrap_ (/usr/local/lib/node_modules/npm/lib/shrinkwrap.js:37:15)
4 verbose stack     at /usr/local/lib/node_modules/npm/lib/shrinkwrap.js:31:5
4 verbose stack     at /usr/local/lib/node_modules/npm/lib/ls.js:47:30
4 verbose stack     at /usr/local/lib/node_modules/npm/node_modules/read-installed/read-installed.js:138:5
4 verbose stack     at /usr/local/lib/node_modules/npm/node_modules/read-installed/read-installed.js:251:14
4 verbose stack     at cb (/usr/local/lib/node_modules/npm/node_modules/slide/lib/async-map.js:47:24)
4 verbose stack     at /usr/local/lib/node_modules/npm/node_modules/read-installed/read-installed.js:251:14
4 verbose stack     at cb (/usr/local/lib/node_modules/npm/node_modules/slide/lib/async-map.js:47:24)
4 verbose stack     at /usr/local/lib/node_modules/npm/node_modules/read-installed/read-installed.js:251:14
4 verbose stack     at cb (/usr/local/lib/node_modules/npm/node_modules/slide/lib/async-map.js:47:24)
5 verbose cwd /home/kakalot08/Desktop/Code/MeditekProjects/Web Applications/Auth
6 error Linux 3.16.0-38-generic
7 error argv "/usr/local/bin/node" "/usr/local/bin/npm" "shrinkwrap"
8 error node v0.12.7
9 error npm  v2.11.3
10 error Problems were encountered
10 error Please correct and try again.
10 error extraneous: bindings@1.2.1 /home/kakalot08/Desktop/Code/MeditekProjects/Web Applications/Auth/node_modules/bindings
10 error extraneous: nan@2.0.9 /home/kakalot08/Desktop/Code/MeditekProjects/Web Applications/Auth/node_modules/nan
11 error If you need help, you may report this error at:
11 error     <https://github.com/npm/npm/issues>
12 verbose exit [ 1, true ]
