0 info it worked if it ends with ok
1 verbose cli [ '/usr/bin/node', '/usr/bin/npm', 'install', 'winston@1.1.1' ]
2 info using npm@1.4.28
3 info using node@v0.10.37
4 verbose node symlink /usr/bin/node
5 warn package.json asap@1.0.0 No repository field.
6 warn package.json callsite@1.0.0 No repository field.
7 warn package.json convert-to-ecmascript-compatible-varname@0.1.3 No repository field.
8 warn package.json dateformat@1.0.2-1.2.3 No repository field.
9 warn package.json eyes@0.1.8 No repository field.
10 warn package.json faye-websocket@0.4.4 'repositories' (plural) Not supported. Please pick one as the 'repository' field
11 warn package.json has-binary@0.1.6 No repository field.
12 warn package.json has-binary-data@0.1.3 No repository field.
13 warn package.json indexof@0.0.1 No repository field.
14 warn package.json lingo@0.0.5 No repository field.
15 warn package.json object-component@0.0.3 No repository field.
16 warn package.json parsejson@0.0.1 No repository field.
17 warn package.json parseqs@0.0.2 No repository field.
18 warn package.json parseuri@0.0.2 No repository field.
19 warn package.json pause@0.0.1 No repository field.
20 warn package.json sails-generate@0.12.3 No repository field.
21 warn package.json sails-generate-adapter@0.10.5 No repository field.
22 warn package.json sails-generate-api@0.10.0 No repository field.
23 warn package.json sails-generate-controller@0.10.8 No repository field.
24 warn package.json sails-generate-frontend@0.11.5 No repository field.
25 warn package.json sails-generate-gruntfile@0.10.10 No repository field.
26 warn package.json sails-generate-model@0.10.10 No repository field.
27 warn package.json sails-generate-new@0.10.21 No repository field.
28 warn package.json sails-generate-sails.io.js@0.11.7 No repository field.
29 warn package.json sails-generate-views@0.10.5 No repository field.
30 warn package.json sails-generate-views-jade@0.10.3 No repository field.
31 warn package.json string_decoder@0.10.31 string_decoder is also the name of a node core module.
32 warn package.json waterline-cursor@0.0.6 No repository field.
33 info shrinkwrap file "/home/thanh/MeditekProjects/Web Applications/Server/npm-shrinkwrap.json"
34 verbose readDependencies returned deps { abbrev: 'https://registry.npmjs.org/abbrev/-/abbrev-1.0.7.tgz',
34 verbose readDependencies returned deps   accepts: 'https://registry.npmjs.org/accepts/-/accepts-1.0.7.tgz',
34 verbose readDependencies returned deps   addressparser: 'https://registry.npmjs.org/addressparser/-/addressparser-0.3.2.tgz',
34 verbose readDependencies returned deps   after: 'https://registry.npmjs.org/after/-/after-0.8.1.tgz',
34 verbose readDependencies returned deps   amdefine: 'https://registry.npmjs.org/amdefine/-/amdefine-1.0.0.tgz',
34 verbose readDependencies returned deps   anchor: 'https://registry.npmjs.org/anchor/-/anchor-0.10.5.tgz',
34 verbose readDependencies returned deps   'ansi-regex': 'https://registry.npmjs.org/ansi-regex/-/ansi-regex-2.0.0.tgz',
34 verbose readDependencies returned deps   'ansi-styles': 'https://registry.npmjs.org/ansi-styles/-/ansi-styles-2.1.0.tgz',
34 verbose readDependencies returned deps   ap: 'https://registry.npmjs.org/ap/-/ap-0.2.0.tgz',
34 verbose readDependencies returned deps   argparse: 'https://registry.npmjs.org/argparse/-/argparse-0.1.16.tgz',
34 verbose readDependencies returned deps   'arraybuffer.slice': 'https://registry.npmjs.org/arraybuffer.slice/-/arraybuffer.slice-0.0.6.tgz',
34 verbose readDependencies returned deps   asap: 'https://registry.npmjs.org/asap/-/asap-1.0.0.tgz',
34 verbose readDependencies returned deps   asn1: 'https://registry.npmjs.org/asn1/-/asn1-0.1.11.tgz',
34 verbose readDependencies returned deps   'assert-plus': 'https://registry.npmjs.org/assert-plus/-/assert-plus-0.1.5.tgz',
34 verbose readDependencies returned deps   async: 'https://registry.npmjs.org/async/-/async-0.9.2.tgz',
34 verbose readDependencies returned deps   'async-listener': 'https://registry.npmjs.org/async-listener/-/async-listener-0.5.6.tgz',
34 verbose readDependencies returned deps   'aws-sign2': 'https://registry.npmjs.org/aws-sign2/-/aws-sign2-0.5.0.tgz',
34 verbose readDependencies returned deps   backo2: 'https://registry.npmjs.org/backo2/-/backo2-1.0.2.tgz',
34 verbose readDependencies returned deps   'balanced-match': 'https://registry.npmjs.org/balanced-match/-/balanced-match-0.2.0.tgz',
34 verbose readDependencies returned deps   'base64-arraybuffer': 'https://registry.npmjs.org/base64-arraybuffer/-/base64-arraybuffer-0.1.2.tgz',
34 verbose readDependencies returned deps   'base64-url': 'https://registry.npmjs.org/base64-url/-/base64-url-1.2.1.tgz',
34 verbose readDependencies returned deps   base64id: 'https://registry.npmjs.org/base64id/-/base64id-0.1.0.tgz',
34 verbose readDependencies returned deps   'basic-auth': 'https://registry.npmjs.org/basic-auth/-/basic-auth-1.0.0.tgz',
34 verbose readDependencies returned deps   'basic-auth-connect': 'https://registry.npmjs.org/basic-auth-connect/-/basic-auth-connect-1.0.0.tgz',
34 verbose readDependencies returned deps   batch: 'https://registry.npmjs.org/batch/-/batch-0.5.2.tgz',
34 verbose readDependencies returned deps   'bcrypt-nodejs': 'https://registry.npmjs.org/bcrypt-nodejs/-/bcrypt-nodejs-0.0.3.tgz',
34 verbose readDependencies returned deps   benchmark: 'https://registry.npmjs.org/benchmark/-/benchmark-1.0.0.tgz',
34 verbose readDependencies returned deps   'better-assert': 'https://registry.npmjs.org/better-assert/-/better-assert-1.0.2.tgz',
34 verbose readDependencies returned deps   'bignumber.js': 'https://registry.npmjs.org/bignumber.js/-/bignumber.js-2.0.7.tgz',
34 verbose readDependencies returned deps   bindings: 'https://registry.npmjs.org/bindings/-/bindings-1.2.1.tgz',
34 verbose readDependencies returned deps   bl: 'https://registry.npmjs.org/bl/-/bl-1.0.0.tgz',
34 verbose readDependencies returned deps   blob: 'https://registry.npmjs.org/blob/-/blob-0.0.4.tgz',
34 verbose readDependencies returned deps   bluebird: 'https://registry.npmjs.org/bluebird/-/bluebird-2.10.1.tgz',
34 verbose readDependencies returned deps   'body-parser': 'https://registry.npmjs.org/body-parser/-/body-parser-1.6.7.tgz',
34 verbose readDependencies returned deps   boolbase: 'https://registry.npmjs.org/boolbase/-/boolbase-1.0.0.tgz',
34 verbose readDependencies returned deps   boom: 'https://registry.npmjs.org/boom/-/boom-2.9.0.tgz',
34 verbose readDependencies returned deps   'brace-expansion': 'https://registry.npmjs.org/brace-expansion/-/brace-expansion-1.1.1.tgz',
34 verbose readDependencies returned deps   'buffer-crc32': 'https://registry.npmjs.org/buffer-crc32/-/buffer-crc32-0.2.3.tgz',
34 verbose readDependencies returned deps   'buffer-writer': 'https://registry.npmjs.org/buffer-writer/-/buffer-writer-1.0.0.tgz',
34 verbose readDependencies returned deps   bufferutil: 'https://registry.npmjs.org/bufferutil/-/bufferutil-1.2.1.tgz',
34 verbose readDependencies returned deps   buildmail: 'https://registry.npmjs.org/buildmail/-/buildmail-1.2.5.tgz',
34 verbose readDependencies returned deps   bytes: 'https://registry.npmjs.org/bytes/-/bytes-1.0.0.tgz',
34 verbose readDependencies returned deps   callsite: 'https://registry.npmjs.org/callsite/-/callsite-1.0.0.tgz',
34 verbose readDependencies returned deps   camelcase: 'https://registry.npmjs.org/camelcase/-/camelcase-1.2.1.tgz',
34 verbose readDependencies returned deps   'captains-log': 'https://registry.npmjs.org/captains-log/-/captains-log-0.11.11.tgz',
34 verbose readDependencies returned deps   caseless: 'https://registry.npmjs.org/caseless/-/caseless-0.11.0.tgz',
34 verbose readDependencies returned deps   chalk: 'https://registry.npmjs.org/chalk/-/chalk-1.1.1.tgz',
34 verbose readDependencies returned deps   cheerio: 'https://registry.npmjs.org/cheerio/-/cheerio-0.19.0.tgz',
34 verbose readDependencies returned deps   'circular-json': 'https://registry.npmjs.org/circular-json/-/circular-json-0.1.6.tgz',
34 verbose readDependencies returned deps   'clean-css': 'https://registry.npmjs.org/clean-css/-/clean-css-1.1.7.tgz',
34 verbose readDependencies returned deps   'cli-color': 'https://registry.npmjs.org/cli-color/-/cli-color-0.3.3.tgz',
34 verbose readDependencies returned deps   clone: 'https://registry.npmjs.org/clone/-/clone-1.0.2.tgz',
34 verbose readDependencies returned deps   'coffee-script': 'https://registry.npmjs.org/coffee-script/-/coffee-script-1.3.3.tgz',
34 verbose readDependencies returned deps   colors: 'https://registry.npmjs.org/colors/-/colors-0.6.2.tgz',
34 verbose readDependencies returned deps   'combined-stream': 'https://registry.npmjs.org/combined-stream/-/combined-stream-1.0.5.tgz',
34 verbose readDependencies returned deps   commander: 'https://registry.npmjs.org/commander/-/commander-2.3.0.tgz',
34 verbose readDependencies returned deps   'component-bind': 'https://registry.npmjs.org/component-bind/-/component-bind-1.0.0.tgz',
34 verbose readDependencies returned deps   'component-emitter': 'https://registry.npmjs.org/component-emitter/-/component-emitter-1.1.2.tgz',
34 verbose readDependencies returned deps   'component-inherit': 'https://registry.npmjs.org/component-inherit/-/component-inherit-0.0.3.tgz',
34 verbose readDependencies returned deps   compressible: 'https://registry.npmjs.org/compressible/-/compressible-1.1.1.tgz',
34 verbose readDependencies returned deps   compression: 'https://registry.npmjs.org/compression/-/compression-1.0.11.tgz',
34 verbose readDependencies returned deps   'concat-map': 'https://registry.npmjs.org/concat-map/-/concat-map-0.0.1.tgz',
34 verbose readDependencies returned deps   'concat-stream': 'https://registry.npmjs.org/concat-stream/-/concat-stream-1.5.0.tgz',
34 verbose readDependencies returned deps   connect: 'https://registry.npmjs.org/connect/-/connect-2.25.0.tgz',
34 verbose readDependencies returned deps   'connect-flash': 'https://registry.npmjs.org/connect-flash/-/connect-flash-0.1.1.tgz',
34 verbose readDependencies returned deps   'connect-timeout': 'https://registry.npmjs.org/connect-timeout/-/connect-timeout-1.2.2.tgz',
34 verbose readDependencies returned deps   consolidate: 'https://registry.npmjs.org/consolidate/-/consolidate-0.13.1.tgz',
34 verbose readDependencies returned deps   'continuation-local-storage': 'https://registry.npmjs.org/continuation-local-storage/-/continuation-local-storage-3.1.4.tgz',
34 verbose readDependencies returned deps   'convert-to-ecmascript-compatible-varname': 'https://registry.npmjs.org/convert-to-ecmascript-compatible-varname/-/convert-to-ecmascript-compatible-varname-0.1.3.tgz',
34 verbose readDependencies returned deps   cookie: 'https://registry.npmjs.org/cookie/-/cookie-0.1.2.tgz',
34 verbose readDependencies returned deps   'cookie-parser': 'https://registry.npmjs.org/cookie-parser/-/cookie-parser-1.3.2.tgz',
34 verbose readDependencies returned deps   'cookie-signature': 'https://registry.npmjs.org/cookie-signature/-/cookie-signature-1.0.4.tgz',
34 verbose readDependencies returned deps   'core-util-is': 'https://registry.npmjs.org/core-util-is/-/core-util-is-1.0.1.tgz',
34 verbose readDependencies returned deps   cryptiles: 'https://registry.npmjs.org/cryptiles/-/cryptiles-2.0.5.tgz',
34 verbose readDependencies returned deps   csrf: 'https://registry.npmjs.org/csrf/-/csrf-2.0.7.tgz',
34 verbose readDependencies returned deps   'css-select': 'https://registry.npmjs.org/css-select/-/css-select-1.0.0.tgz',
34 verbose readDependencies returned deps   'css-what': 'https://registry.npmjs.org/css-what/-/css-what-1.0.0.tgz',
34 verbose readDependencies returned deps   cssom: 'https://registry.npmjs.org/cssom/-/cssom-0.3.0.tgz',
34 verbose readDependencies returned deps   csurf: 'https://registry.npmjs.org/csurf/-/csurf-1.4.1.tgz',
34 verbose readDependencies returned deps   ctype: 'https://registry.npmjs.org/ctype/-/ctype-0.5.3.tgz',
34 verbose readDependencies returned deps   cycle: 'https://registry.npmjs.org/cycle/-/cycle-1.0.3.tgz',
34 verbose readDependencies returned deps   d: 'https://registry.npmjs.org/d/-/d-0.1.1.tgz',
34 verbose readDependencies returned deps   datauri: 'https://registry.npmjs.org/datauri/-/datauri-0.2.1.tgz',
34 verbose readDependencies returned deps   dateformat: 'https://registry.npmjs.org/dateformat/-/dateformat-1.0.2-1.2.3.tgz',
34 verbose readDependencies returned deps   debug: 'https://registry.npmjs.org/debug/-/debug-2.2.0.tgz',
34 verbose readDependencies returned deps   decamelize: 'https://registry.npmjs.org/decamelize/-/decamelize-1.0.0.tgz',
34 verbose readDependencies returned deps   'deep-diff': 'https://registry.npmjs.org/deep-diff/-/deep-diff-0.3.2.tgz',
34 verbose readDependencies returned deps   'deep-equal': 'https://registry.npmjs.org/deep-equal/-/deep-equal-0.0.0.tgz',
34 verbose readDependencies returned deps   'deep-extend': 'https://registry.npmjs.org/deep-extend/-/deep-extend-0.2.11.tgz',
34 verbose readDependencies returned deps   defined: 'https://registry.npmjs.org/defined/-/defined-0.0.0.tgz',
34 verbose readDependencies returned deps   'delayed-stream': 'https://registry.npmjs.org/delayed-stream/-/delayed-stream-1.0.0.tgz',
34 verbose readDependencies returned deps   depd: 'https://registry.npmjs.org/depd/-/depd-0.4.4.tgz',
34 verbose readDependencies returned deps   destroy: 'https://registry.npmjs.org/destroy/-/destroy-1.0.3.tgz',
34 verbose readDependencies returned deps   'dom-serializer': 'https://registry.npmjs.org/dom-serializer/-/dom-serializer-0.1.0.tgz',
34 verbose readDependencies returned deps   domelementtype: 'https://registry.npmjs.org/domelementtype/-/domelementtype-1.3.0.tgz',
34 verbose readDependencies returned deps   domhandler: 'https://registry.npmjs.org/domhandler/-/domhandler-2.3.0.tgz',
34 verbose readDependencies returned deps   domutils: 'https://registry.npmjs.org/domutils/-/domutils-1.4.3.tgz',
34 verbose readDependencies returned deps   'dot-access': 'https://registry.npmjs.org/dot-access/-/dot-access-1.0.0.tgz',
34 verbose readDependencies returned deps   dottie: 'https://registry.npmjs.org/dottie/-/dottie-0.3.1.tgz',
34 verbose readDependencies returned deps   duplexer2: 'https://registry.npmjs.org/duplexer2/-/duplexer2-0.0.2.tgz',
34 verbose readDependencies returned deps   'ee-first': 'https://registry.npmjs.org/ee-first/-/ee-first-1.0.5.tgz',
34 verbose readDependencies returned deps   ejs: 'https://registry.npmjs.org/ejs/-/ejs-0.8.8.tgz',
34 verbose readDependencies returned deps   'ejs-locals': 'https://registry.npmjs.org/ejs-locals/-/ejs-locals-1.0.2.tgz',
34 verbose readDependencies returned deps   'email-templates': 'https://registry.npmjs.org/email-templates/-/email-templates-2.0.1.tgz',
34 verbose readDependencies returned deps   'emitter-listener': 'https://registry.npmjs.org/emitter-listener/-/emitter-listener-1.0.1.tgz',
34 verbose readDependencies returned deps   'engine.io': 'https://registry.npmjs.org/engine.io/-/engine.io-1.5.4.tgz',
34 verbose readDependencies returned deps   'engine.io-client': 'https://registry.npmjs.org/engine.io-client/-/engine.io-client-1.5.4.tgz',
34 verbose readDependencies returned deps   'engine.io-parser': 'https://registry.npmjs.org/engine.io-parser/-/engine.io-parser-1.2.2.tgz',
34 verbose readDependencies returned deps   entities: 'https://registry.npmjs.org/entities/-/entities-1.1.1.tgz',
34 verbose readDependencies returned deps   errorhandler: 'https://registry.npmjs.org/errorhandler/-/errorhandler-1.1.1.tgz',
34 verbose readDependencies returned deps   'es5-ext': 'https://registry.npmjs.org/es5-ext/-/es5-ext-0.10.7.tgz',
34 verbose readDependencies returned deps   'es6-iterator': 'https://registry.npmjs.org/es6-iterator/-/es6-iterator-0.1.3.tgz',
34 verbose readDependencies returned deps   'es6-symbol': 'https://registry.npmjs.org/es6-symbol/-/es6-symbol-2.0.1.tgz',
34 verbose readDependencies returned deps   'es6-weak-map': 'https://registry.npmjs.org/es6-weak-map/-/es6-weak-map-0.1.4.tgz',
34 verbose readDependencies returned deps   'escape-html': 'https://registry.npmjs.org/escape-html/-/escape-html-1.0.1.tgz',
34 verbose readDependencies returned deps   'escape-string-regexp': 'https://registry.npmjs.org/escape-string-regexp/-/escape-string-regexp-1.0.3.tgz',
34 verbose readDependencies returned deps   esprima: 'https://registry.npmjs.org/esprima/-/esprima-1.0.4.tgz',
34 verbose readDependencies returned deps   'event-emitter': 'https://registry.npmjs.org/event-emitter/-/event-emitter-0.3.3.tgz',
34 verbose readDependencies returned deps   eventemitter2: 'https://registry.npmjs.org/eventemitter2/-/eventemitter2-0.4.14.tgz',
34 verbose readDependencies returned deps   exit: 'https://registry.npmjs.org/exit/-/exit-0.1.2.tgz',
34 verbose readDependencies returned deps   express: 'https://registry.npmjs.org/express/-/express-3.16.0.tgz',
34 verbose readDependencies returned deps   'express-handlebars': 'https://registry.npmjs.org/express-handlebars/-/express-handlebars-1.0.3.tgz',
34 verbose readDependencies returned deps   'express-jwt': 'https://registry.npmjs.org/express-jwt/-/express-jwt-3.1.0.tgz',
34 verbose readDependencies returned deps   'express-session': 'https://registry.npmjs.org/express-session/-/express-session-1.7.6.tgz',
34 verbose readDependencies returned deps   extend: 'https://registry.npmjs.org/extend/-/extend-3.0.0.tgz',
34 verbose readDependencies returned deps   eyes: 'https://registry.npmjs.org/eyes/-/eyes-0.1.8.tgz',
34 verbose readDependencies returned deps   'faye-websocket': 'https://registry.npmjs.org/faye-websocket/-/faye-websocket-0.4.4.tgz',
34 verbose readDependencies returned deps   finalhandler: 'https://registry.npmjs.org/finalhandler/-/finalhandler-0.1.0.tgz',
34 verbose readDependencies returned deps   'findup-sync': 'https://registry.npmjs.org/findup-sync/-/findup-sync-0.1.3.tgz',
34 verbose readDependencies returned deps   finished: 'https://registry.npmjs.org/finished/-/finished-1.2.2.tgz',
34 verbose readDependencies returned deps   'forever-agent': 'https://registry.npmjs.org/forever-agent/-/forever-agent-0.6.1.tgz',
34 verbose readDependencies returned deps   'form-data': 'https://registry.npmjs.org/form-data/-/form-data-1.0.0-rc3.tgz',
34 verbose readDependencies returned deps   fresh: 'https://registry.npmjs.org/fresh/-/fresh-0.2.2.tgz',
34 verbose readDependencies returned deps   'fs-extra': 'https://registry.npmjs.org/fs-extra/-/fs-extra-0.8.1.tgz',
34 verbose readDependencies returned deps   gaze: 'https://registry.npmjs.org/gaze/-/gaze-0.4.3.tgz',
34 verbose readDependencies returned deps   'generate-function': 'https://registry.npmjs.org/generate-function/-/generate-function-2.0.0.tgz',
34 verbose readDependencies returned deps   'generate-object-property': 'https://registry.npmjs.org/generate-object-property/-/generate-object-property-1.2.0.tgz',
34 verbose readDependencies returned deps   'generic-pool': 'https://registry.npmjs.org/generic-pool/-/generic-pool-2.1.1.tgz',
34 verbose readDependencies returned deps   getobject: 'https://registry.npmjs.org/getobject/-/getobject-0.1.0.tgz',
34 verbose readDependencies returned deps   glob: 'https://registry.npmjs.org/glob/-/glob-5.0.15.tgz',
34 verbose readDependencies returned deps   global: 'https://github.com/component/global/archive/v2.0.1.tar.gz',
34 verbose readDependencies returned deps   globule: 'https://registry.npmjs.org/globule/-/globule-0.1.0.tgz',
34 verbose readDependencies returned deps   'graceful-fs': 'https://registry.npmjs.org/graceful-fs/-/graceful-fs-1.2.3.tgz',
34 verbose readDependencies returned deps   'graceful-readlink': 'https://registry.npmjs.org/graceful-readlink/-/graceful-readlink-1.0.1.tgz',
34 verbose readDependencies returned deps   grunt: 'https://registry.npmjs.org/grunt/-/grunt-0.4.2.tgz',
34 verbose readDependencies returned deps   'grunt-cli': 'https://registry.npmjs.org/grunt-cli/-/grunt-cli-0.1.13.tgz',
34 verbose readDependencies returned deps   'grunt-contrib-clean': 'https://registry.npmjs.org/grunt-contrib-clean/-/grunt-contrib-clean-0.5.0.tgz',
34 verbose readDependencies returned deps   'grunt-contrib-coffee': 'https://registry.npmjs.org/grunt-contrib-coffee/-/grunt-contrib-coffee-0.10.1.tgz',
34 verbose readDependencies returned deps   'grunt-contrib-concat': 'https://registry.npmjs.org/grunt-contrib-concat/-/grunt-contrib-concat-0.3.0.tgz',
34 verbose readDependencies returned deps   'grunt-contrib-copy': 'https://registry.npmjs.org/grunt-contrib-copy/-/grunt-contrib-copy-0.5.0.tgz',
34 verbose readDependencies returned deps   'grunt-contrib-cssmin': 'https://registry.npmjs.org/grunt-contrib-cssmin/-/grunt-contrib-cssmin-0.9.0.tgz',
34 verbose readDependencies returned deps   'grunt-contrib-jst': 'https://registry.npmjs.org/grunt-contrib-jst/-/grunt-contrib-jst-0.6.0.tgz',
34 verbose readDependencies returned deps   'grunt-contrib-less': 'https://registry.npmjs.org/grunt-contrib-less/-/grunt-contrib-less-0.11.1.tgz',
34 verbose readDependencies returned deps   'grunt-contrib-uglify': 'https://registry.npmjs.org/grunt-contrib-uglify/-/grunt-contrib-uglify-0.4.1.tgz',
34 verbose readDependencies returned deps   'grunt-contrib-watch': 'https://registry.npmjs.org/grunt-contrib-watch/-/grunt-contrib-watch-0.5.3.tgz',
34 verbose readDependencies returned deps   'grunt-lib-contrib': 'https://registry.npmjs.org/grunt-lib-contrib/-/grunt-lib-contrib-0.7.1.tgz',
34 verbose readDependencies returned deps   'grunt-sails-linker': 'https://registry.npmjs.org/grunt-sails-linker/-/grunt-sails-linker-0.9.6.tgz',
34 verbose readDependencies returned deps   'grunt-sync': 'https://registry.npmjs.org/grunt-sync/-/grunt-sync-0.0.8.tgz',
34 verbose readDependencies returned deps   'gzip-size': 'https://registry.npmjs.org/gzip-size/-/gzip-size-0.1.1.tgz',
34 verbose readDependencies returned deps   handlebars: 'https://registry.npmjs.org/handlebars/-/handlebars-2.0.0.tgz',
34 verbose readDependencies returned deps   'har-validator': 'https://registry.npmjs.org/har-validator/-/har-validator-1.8.0.tgz',
34 verbose readDependencies returned deps   'has-ansi': 'https://registry.npmjs.org/has-ansi/-/has-ansi-2.0.0.tgz',
34 verbose readDependencies returned deps   'has-binary': 'https://registry.npmjs.org/has-binary/-/has-binary-0.1.6.tgz',
34 verbose readDependencies returned deps   'has-binary-data': 'https://registry.npmjs.org/has-binary-data/-/has-binary-data-0.1.3.tgz',
34 verbose readDependencies returned deps   'has-color': 'https://registry.npmjs.org/has-color/-/has-color-0.1.7.tgz',
34 verbose readDependencies returned deps   'has-cors': 'https://registry.npmjs.org/has-cors/-/has-cors-1.0.3.tgz',
34 verbose readDependencies returned deps   hawk: 'https://registry.npmjs.org/hawk/-/hawk-3.1.0.tgz',
34 verbose readDependencies returned deps   hoek: 'https://registry.npmjs.org/hoek/-/hoek-2.16.3.tgz',
34 verbose readDependencies returned deps   hooker: 'https://registry.npmjs.org/hooker/-/hooker-0.2.3.tgz',
34 verbose readDependencies returned deps   htmlparser2: 'https://registry.npmjs.org/htmlparser2/-/htmlparser2-3.8.3.tgz',
34 verbose readDependencies returned deps   'http-signature': 'https://registry.npmjs.org/http-signature/-/http-signature-0.11.0.tgz',
34 verbose readDependencies returned deps   hyperquest: 'https://registry.npmjs.org/hyperquest/-/hyperquest-1.2.0.tgz',
34 verbose readDependencies returned deps   i: 'https://registry.npmjs.org/i/-/i-0.3.3.tgz',
34 verbose readDependencies returned deps   i18n: 'https://registry.npmjs.org/i18n/-/i18n-0.5.0.tgz',
34 verbose readDependencies returned deps   'iconv-lite': 'https://registry.npmjs.org/iconv-lite/-/iconv-lite-0.2.11.tgz',
34 verbose readDependencies returned deps   'include-all': 'https://registry.npmjs.org/include-all/-/include-all-0.1.6.tgz',
34 verbose readDependencies returned deps   indexof: 'https://registry.npmjs.org/indexof/-/indexof-0.0.1.tgz',
34 verbose readDependencies returned deps   inflection: 'https://registry.npmjs.org/inflection/-/inflection-1.7.1.tgz',
34 verbose readDependencies returned deps   inflight: 'https://registry.npmjs.org/inflight/-/inflight-1.0.4.tgz',
34 verbose readDependencies returned deps   inherits: 'https://registry.npmjs.org/inherits/-/inherits-2.0.1.tgz',
34 verbose readDependencies returned deps   ini: 'https://registry.npmjs.org/ini/-/ini-1.3.4.tgz',
34 verbose readDependencies returned deps   'ipaddr.js': 'https://registry.npmjs.org/ipaddr.js/-/ipaddr.js-0.1.2.tgz',
34 verbose readDependencies returned deps   'is-my-json-valid': 'https://registry.npmjs.org/is-my-json-valid/-/is-my-json-valid-2.12.2.tgz',
34 verbose readDependencies returned deps   'is-property': 'https://registry.npmjs.org/is-property/-/is-property-1.0.2.tgz',
34 verbose readDependencies returned deps   isarray: 'https://registry.npmjs.org/isarray/-/isarray-0.0.1.tgz',
34 verbose readDependencies returned deps   isstream: 'https://registry.npmjs.org/isstream/-/isstream-0.1.2.tgz',
34 verbose readDependencies returned deps   'js-yaml': 'https://registry.npmjs.org/js-yaml/-/js-yaml-2.0.5.tgz',
34 verbose readDependencies returned deps   'json-stringify-safe': 'https://registry.npmjs.org/json-stringify-safe/-/json-stringify-safe-5.0.1.tgz',
34 verbose readDependencies returned deps   json3: 'https://registry.npmjs.org/json3/-/json3-3.2.6.tgz',
34 verbose readDependencies returned deps   jsonfile: 'https://registry.npmjs.org/jsonfile/-/jsonfile-1.1.1.tgz',
34 verbose readDependencies returned deps   jsonify: 'https://registry.npmjs.org/jsonify/-/jsonify-0.0.0.tgz',
34 verbose readDependencies returned deps   jsonpointer: 'https://registry.npmjs.org/jsonpointer/-/jsonpointer-2.0.0.tgz',
34 verbose readDependencies returned deps   jsonwebtoken: 'https://registry.npmjs.org/jsonwebtoken/-/jsonwebtoken-5.4.0.tgz',
34 verbose readDependencies returned deps   juice: 'https://registry.npmjs.org/juice/-/juice-1.4.2.tgz',
34 verbose readDependencies returned deps   keypress: 'https://registry.npmjs.org/keypress/-/keypress-0.1.0.tgz',
34 verbose readDependencies returned deps   less: 'https://registry.npmjs.org/less/-/less-1.7.5.tgz',
34 verbose readDependencies returned deps   libbase64: 'https://registry.npmjs.org/libbase64/-/libbase64-0.1.0.tgz',
34 verbose readDependencies returned deps   libmime: 'https://registry.npmjs.org/libmime/-/libmime-1.1.0.tgz',
34 verbose readDependencies returned deps   libqp: 'https://registry.npmjs.org/libqp/-/libqp-1.1.0.tgz',
34 verbose readDependencies returned deps   lingo: 'https://registry.npmjs.org/lingo/-/lingo-0.0.5.tgz',
34 verbose readDependencies returned deps   lodash: 'https://registry.npmjs.org/lodash/-/lodash-3.10.1.tgz',
34 verbose readDependencies returned deps   'lru-cache': 'https://registry.npmjs.org/lru-cache/-/lru-cache-2.7.0.tgz',
34 verbose readDependencies returned deps   'lru-queue': 'https://registry.npmjs.org/lru-queue/-/lru-queue-0.1.0.tgz',
34 verbose readDependencies returned deps   machine: 'https://registry.npmjs.org/machine/-/machine-4.1.1.tgz',
34 verbose readDependencies returned deps   'machinepack-urls': 'https://registry.npmjs.org/machinepack-urls/-/machinepack-urls-3.1.1.tgz',
34 verbose readDependencies returned deps   mailcomposer: 'https://registry.npmjs.org/mailcomposer/-/mailcomposer-1.1.0.tgz',
34 verbose readDependencies returned deps   maxmin: 'https://registry.npmjs.org/maxmin/-/maxmin-0.1.0.tgz',
34 verbose readDependencies returned deps   'media-typer': 'https://registry.npmjs.org/media-typer/-/media-typer-0.2.0.tgz',
34 verbose readDependencies returned deps   memoizee: 'https://registry.npmjs.org/memoizee/-/memoizee-0.3.9.tgz',
34 verbose readDependencies returned deps   'merge-defaults': 'https://registry.npmjs.org/merge-defaults/-/merge-defaults-0.1.4.tgz',
34 verbose readDependencies returned deps   'merge-descriptors': 'https://registry.npmjs.org/merge-descriptors/-/merge-descriptors-0.0.2.tgz',
34 verbose readDependencies returned deps   'method-override': 'https://registry.npmjs.org/method-override/-/method-override-2.3.5.tgz',
34 verbose readDependencies returned deps   methods: 'https://registry.npmjs.org/methods/-/methods-1.1.0.tgz',
34 verbose readDependencies returned deps   mime: 'https://registry.npmjs.org/mime/-/mime-1.2.11.tgz',
34 verbose readDependencies returned deps   'mime-db': 'https://registry.npmjs.org/mime-db/-/mime-db-1.19.0.tgz',
34 verbose readDependencies returned deps   'mime-types': 'https://registry.npmjs.org/mime-types/-/mime-types-2.1.7.tgz',
34 verbose readDependencies returned deps   mimer: 'https://registry.npmjs.org/mimer/-/mimer-0.2.1.tgz',
34 verbose readDependencies returned deps   minimatch: 'https://registry.npmjs.org/minimatch/-/minimatch-3.0.0.tgz',
34 verbose readDependencies returned deps   minimist: 'https://registry.npmjs.org/minimist/-/minimist-0.0.8.tgz',
34 verbose readDependencies returned deps   mkdirp: 'https://registry.npmjs.org/mkdirp/-/mkdirp-0.3.5.tgz',
34 verbose readDependencies returned deps   'mock-req': 'https://registry.npmjs.org/mock-req/-/mock-req-0.1.0.tgz',
34 verbose readDependencies returned deps   'mock-res': 'https://registry.npmjs.org/mock-res/-/mock-res-0.1.0.tgz',
34 verbose readDependencies returned deps   moment: 'https://registry.npmjs.org/moment/-/moment-2.10.6.tgz',
34 verbose readDependencies returned deps   'moment-timezone': 'https://registry.npmjs.org/moment-timezone/-/moment-timezone-0.4.0.tgz',
34 verbose readDependencies returned deps   morgan: 'https://registry.npmjs.org/morgan/-/morgan-1.2.3.tgz',
34 verbose readDependencies returned deps   ms: 'https://registry.npmjs.org/ms/-/ms-0.7.1.tgz',
34 verbose readDependencies returned deps   multiparty: 'https://registry.npmjs.org/multiparty/-/multiparty-3.3.1.tgz',
34 verbose readDependencies returned deps   mustache: 'https://registry.npmjs.org/mustache/-/mustache-2.1.3.tgz',
34 verbose readDependencies returned deps   'mute-stream': 'https://registry.npmjs.org/mute-stream/-/mute-stream-0.0.5.tgz',
34 verbose readDependencies returned deps   mysql: 'https://registry.npmjs.org/mysql/-/mysql-2.9.0.tgz',
34 verbose readDependencies returned deps   mz: 'https://registry.npmjs.org/mz/-/mz-1.3.0.tgz',
34 verbose readDependencies returned deps   nan: 'https://registry.npmjs.org/nan/-/nan-2.0.9.tgz',
34 verbose readDependencies returned deps   'native-or-bluebird': 'https://registry.npmjs.org/native-or-bluebird/-/native-or-bluebird-1.1.2.tgz',
34 verbose readDependencies returned deps   ncp: 'https://registry.npmjs.org/ncp/-/ncp-0.4.2.tgz',
34 verbose readDependencies returned deps   negotiator: 'https://registry.npmjs.org/negotiator/-/negotiator-0.4.7.tgz',
34 verbose readDependencies returned deps   'next-tick': 'https://registry.npmjs.org/next-tick/-/next-tick-0.2.2.tgz',
34 verbose readDependencies returned deps   'node-regexp': 'https://registry.npmjs.org/node-regexp/-/node-regexp-0.1.1.tgz',
34 verbose readDependencies returned deps   'node-uuid': 'https://registry.npmjs.org/node-uuid/-/node-uuid-1.4.3.tgz',
34 verbose readDependencies returned deps   nodemailer: 'https://registry.npmjs.org/nodemailer/-/nodemailer-1.5.0.tgz',
34 verbose readDependencies returned deps   'nodemailer-direct-transport': 'https://registry.npmjs.org/nodemailer-direct-transport/-/nodemailer-direct-transport-1.0.2.tgz',
34 verbose readDependencies returned deps   'nodemailer-smtp-transport': 'https://registry.npmjs.org/nodemailer-smtp-transport/-/nodemailer-smtp-transport-1.0.3.tgz',
34 verbose readDependencies returned deps   'nodemailer-wellknown': 'https://registry.npmjs.org/nodemailer-wellknown/-/nodemailer-wellknown-0.1.7.tgz',
34 verbose readDependencies returned deps   nopt: 'https://registry.npmjs.org/nopt/-/nopt-1.0.10.tgz',
34 verbose readDependencies returned deps   noptify: 'https://registry.npmjs.org/noptify/-/noptify-0.0.3.tgz',
34 verbose readDependencies returned deps   'nth-check': 'https://registry.npmjs.org/nth-check/-/nth-check-1.0.1.tgz',
34 verbose readDependencies returned deps   'oauth-sign': 'https://registry.npmjs.org/oauth-sign/-/oauth-sign-0.8.0.tgz',
34 verbose readDependencies returned deps   'object-component': 'https://registry.npmjs.org/object-component/-/object-component-0.0.3.tgz',
34 verbose readDependencies returned deps   'object-hash': 'https://registry.npmjs.org/object-hash/-/object-hash-0.3.0.tgz',
34 verbose readDependencies returned deps   'object-keys': 'https://registry.npmjs.org/object-keys/-/object-keys-1.0.1.tgz',
34 verbose readDependencies returned deps   'on-finished': 'https://registry.npmjs.org/on-finished/-/on-finished-2.1.0.tgz',
34 verbose readDependencies returned deps   'on-headers': 'https://registry.npmjs.org/on-headers/-/on-headers-0.0.0.tgz',
34 verbose readDependencies returned deps   once: 'https://registry.npmjs.org/once/-/once-1.3.2.tgz',
34 verbose readDependencies returned deps   optimist: 'https://registry.npmjs.org/optimist/-/optimist-0.3.7.tgz',
34 verbose readDependencies returned deps   options: 'https://registry.npmjs.org/options/-/options-0.0.6.tgz',
34 verbose readDependencies returned deps   'packet-reader': 'https://registry.npmjs.org/packet-reader/-/packet-reader-0.2.0.tgz',
34 verbose readDependencies returned deps   parsejson: 'https://registry.npmjs.org/parsejson/-/parsejson-0.0.1.tgz',
34 verbose readDependencies returned deps   parseqs: 'https://registry.npmjs.org/parseqs/-/parseqs-0.0.2.tgz',
34 verbose readDependencies returned deps   parseuri: 'https://registry.npmjs.org/parseuri/-/parseuri-0.0.2.tgz',
34 verbose readDependencies returned deps   parseurl: 'https://registry.npmjs.org/parseurl/-/parseurl-1.2.0.tgz',
34 verbose readDependencies returned deps   passport: 'https://registry.npmjs.org/passport/-/passport-0.3.0.tgz',
34 verbose readDependencies returned deps   'passport-local': 'https://registry.npmjs.org/passport-local/-/passport-local-1.0.0.tgz',
34 verbose readDependencies returned deps   'password-generator': 'https://registry.npmjs.org/password-generator/-/password-generator-2.0.1.tgz',
34 verbose readDependencies returned deps   'path-is-absolute': 'https://registry.npmjs.org/path-is-absolute/-/path-is-absolute-1.0.0.tgz',
34 verbose readDependencies returned deps   pause: 'https://registry.npmjs.org/pause/-/pause-0.0.1.tgz',
34 verbose readDependencies returned deps   pg: 'https://registry.npmjs.org/pg/-/pg-4.4.2.tgz',
34 verbose readDependencies returned deps   'pg-connection-string': 'https://registry.npmjs.org/pg-connection-string/-/pg-connection-string-0.1.3.tgz',
34 verbose readDependencies returned deps   'pg-hstore': 'https://registry.npmjs.org/pg-hstore/-/pg-hstore-2.3.2.tgz',
34 verbose readDependencies returned deps   'pg-types': 'https://registry.npmjs.org/pg-types/-/pg-types-1.10.0.tgz',
34 verbose readDependencies returned deps   pgpass: 'https://registry.npmjs.org/pgpass/-/pgpass-0.0.3.tgz',
34 verbose readDependencies returned deps   pkginfo: 'https://registry.npmjs.org/pkginfo/-/pkginfo-0.3.0.tgz',
34 verbose readDependencies returned deps   pluralize: 'https://registry.npmjs.org/pluralize/-/pluralize-0.0.12.tgz',
34 verbose readDependencies returned deps   'postgres-array': 'https://registry.npmjs.org/postgres-array/-/postgres-array-1.0.0.tgz',
34 verbose readDependencies returned deps   'postgres-bytea': 'https://registry.npmjs.org/postgres-bytea/-/postgres-bytea-1.0.0.tgz',
34 verbose readDependencies returned deps   'postgres-date': 'https://registry.npmjs.org/postgres-date/-/postgres-date-1.0.0.tgz',
34 verbose readDependencies returned deps   'postgres-interval': 'https://registry.npmjs.org/postgres-interval/-/postgres-interval-1.0.0.tgz',
34 verbose readDependencies returned deps   'pretty-bytes': 'https://registry.npmjs.org/pretty-bytes/-/pretty-bytes-0.1.2.tgz',
34 verbose readDependencies returned deps   'process-nextick-args': 'https://registry.npmjs.org/process-nextick-args/-/process-nextick-args-1.0.3.tgz',
34 verbose readDependencies returned deps   promise: 'https://registry.npmjs.org/promise/-/promise-5.0.0.tgz',
34 verbose readDependencies returned deps   'promised-io': 'https://registry.npmjs.org/promised-io/-/promised-io-0.3.3.tgz',
34 verbose readDependencies returned deps   prompt: 'https://registry.npmjs.org/prompt/-/prompt-0.2.14.tgz',
34 verbose readDependencies returned deps   'proxy-addr': 'https://registry.npmjs.org/proxy-addr/-/proxy-addr-1.0.1.tgz',
34 verbose readDependencies returned deps   q: 'https://registry.npmjs.org/q/-/q-1.4.1.tgz',
34 verbose readDependencies returned deps   qs: 'https://registry.npmjs.org/qs/-/qs-5.1.0.tgz',
34 verbose readDependencies returned deps   randomstring: 'https://registry.npmjs.org/randomstring/-/randomstring-1.1.0.tgz',
34 verbose readDependencies returned deps   'range-parser': 'https://registry.npmjs.org/range-parser/-/range-parser-1.0.2.tgz',
34 verbose readDependencies returned deps   'raw-body': 'https://registry.npmjs.org/raw-body/-/raw-body-1.3.0.tgz',
34 verbose readDependencies returned deps   rc: 'https://registry.npmjs.org/rc/-/rc-0.5.5.tgz',
34 verbose readDependencies returned deps   read: 'https://registry.npmjs.org/read/-/read-1.0.7.tgz',
34 verbose readDependencies returned deps   'readable-stream': 'https://registry.npmjs.org/readable-stream/-/readable-stream-1.1.13.tgz',
34 verbose readDependencies returned deps   reportback: 'https://registry.npmjs.org/reportback/-/reportback-0.1.9.tgz',
34 verbose readDependencies returned deps   request: 'https://registry.npmjs.org/request/-/request-2.64.0.tgz',
34 verbose readDependencies returned deps   'require-all': 'https://registry.npmjs.org/require-all/-/require-all-0.0.3.tgz',
34 verbose readDependencies returned deps   resolve: 'https://registry.npmjs.org/resolve/-/resolve-0.3.1.tgz',
34 verbose readDependencies returned deps   'response-time': 'https://registry.npmjs.org/response-time/-/response-time-2.0.0.tgz',
34 verbose readDependencies returned deps   revalidator: 'https://registry.npmjs.org/revalidator/-/revalidator-0.1.8.tgz',
34 verbose readDependencies returned deps   rimraf: 'https://registry.npmjs.org/rimraf/-/rimraf-2.0.3.tgz',
34 verbose readDependencies returned deps   rndm: 'https://registry.npmjs.org/rndm/-/rndm-1.1.0.tgz',
34 verbose readDependencies returned deps   rttc: 'https://registry.npmjs.org/rttc/-/rttc-1.0.2.tgz',
34 verbose readDependencies returned deps   sails: 'https://registry.npmjs.org/sails/-/sails-0.11.2.tgz',
34 verbose readDependencies returned deps   'sails-build-dictionary': 'https://registry.npmjs.org/sails-build-dictionary/-/sails-build-dictionary-0.10.1.tgz',
34 verbose readDependencies returned deps   'sails-disk': 'https://registry.npmjs.org/sails-disk/-/sails-disk-0.10.8.tgz',
34 verbose readDependencies returned deps   'sails-generate': 'https://registry.npmjs.org/sails-generate/-/sails-generate-0.12.3.tgz',
34 verbose readDependencies returned deps   'sails-generate-adapter': 'https://registry.npmjs.org/sails-generate-adapter/-/sails-generate-adapter-0.10.5.tgz',
34 verbose readDependencies returned deps   'sails-generate-api': 'https://registry.npmjs.org/sails-generate-api/-/sails-generate-api-0.10.0.tgz',
34 verbose readDependencies returned deps   'sails-generate-backend': 'https://registry.npmjs.org/sails-generate-backend/-/sails-generate-backend-0.12.2.tgz',
34 verbose readDependencies returned deps   'sails-generate-controller': 'https://registry.npmjs.org/sails-generate-controller/-/sails-generate-controller-0.10.8.tgz',
34 verbose readDependencies returned deps   'sails-generate-frontend': 'https://registry.npmjs.org/sails-generate-frontend/-/sails-generate-frontend-0.11.5.tgz',
34 verbose readDependencies returned deps   'sails-generate-generator': 'https://registry.npmjs.org/sails-generate-generator/-/sails-generate-generator-0.10.11.tgz',
34 verbose readDependencies returned deps   'sails-generate-gruntfile': 'https://registry.npmjs.org/sails-generate-gruntfile/-/sails-generate-gruntfile-0.10.10.tgz',
34 verbose readDependencies returned deps   'sails-generate-model': 'https://registry.npmjs.org/sails-generate-model/-/sails-generate-model-0.10.10.tgz',
34 verbose readDependencies returned deps   'sails-generate-new': 'https://registry.npmjs.org/sails-generate-new/-/sails-generate-new-0.10.21.tgz',
34 verbose readDependencies returned deps   'sails-generate-sails.io.js': 'https://registry.npmjs.org/sails-generate-sails.io.js/-/sails-generate-sails.io.js-0.11.7.tgz',
34 verbose readDependencies returned deps   'sails-generate-views': 'https://registry.npmjs.org/sails-generate-views/-/sails-generate-views-0.10.5.tgz',
34 verbose readDependencies returned deps   'sails-generate-views-jade': 'https://registry.npmjs.org/sails-generate-views-jade/-/sails-generate-views-jade-0.10.3.tgz',
34 verbose readDependencies returned deps   'sails-hook-sequelize': 'https://registry.npmjs.org/sails-hook-sequelize/-/sails-hook-sequelize-1.0.1.tgz',
34 verbose readDependencies returned deps   'sails-hook-sockets': 'https://registry.npmjs.org/sails-hook-sockets/-/sails-hook-sockets-0.11.25.tgz',
34 verbose readDependencies returned deps   'sails-mysql': 'https://registry.npmjs.org/sails-mysql/-/sails-mysql-0.11.0.tgz',
34 verbose readDependencies returned deps   'sails-stringfile': 'https://registry.npmjs.org/sails-stringfile/-/sails-stringfile-0.3.2.tgz',
34 verbose readDependencies returned deps   'sails-util': 'https://registry.npmjs.org/sails-util/-/sails-util-0.10.6.tgz',
34 verbose readDependencies returned deps   scmp: 'https://registry.npmjs.org/scmp/-/scmp-1.0.0.tgz',
34 verbose readDependencies returned deps   semver: 'https://registry.npmjs.org/semver/-/semver-4.3.6.tgz',
34 verbose readDependencies returned deps   send: 'https://registry.npmjs.org/send/-/send-0.8.5.tgz',
34 verbose readDependencies returned deps   sequelize: 'https://registry.npmjs.org/sequelize/-/sequelize-3.9.0.tgz',
34 verbose readDependencies returned deps   'sequelize-mysql': 'https://registry.npmjs.org/sequelize-mysql/-/sequelize-mysql-1.7.0.tgz',
34 verbose readDependencies returned deps   'serve-favicon': 'https://registry.npmjs.org/serve-favicon/-/serve-favicon-2.0.1.tgz',
34 verbose readDependencies returned deps   'serve-index': 'https://registry.npmjs.org/serve-index/-/serve-index-1.1.6.tgz',
34 verbose readDependencies returned deps   'serve-static': 'https://registry.npmjs.org/serve-static/-/serve-static-1.5.4.tgz',
34 verbose readDependencies returned deps   shimmer: 'https://registry.npmjs.org/shimmer/-/shimmer-1.0.0.tgz',
34 verbose readDependencies returned deps   sigmund: 'https://registry.npmjs.org/sigmund/-/sigmund-1.0.1.tgz',
34 verbose readDependencies returned deps   skipper: 'https://registry.npmjs.org/skipper/-/skipper-0.5.7.tgz',
34 verbose readDependencies returned deps   'skipper-disk': 'https://registry.npmjs.org/skipper-disk/-/skipper-disk-0.5.4.tgz',
34 verbose readDependencies returned deps   sliced: 'https://registry.npmjs.org/sliced/-/sliced-0.0.5.tgz',
34 verbose readDependencies returned deps   slick: 'https://registry.npmjs.org/slick/-/slick-1.12.1.tgz',
34 verbose readDependencies returned deps   'smtp-connection': 'https://registry.npmjs.org/smtp-connection/-/smtp-connection-1.3.1.tgz',
34 verbose readDependencies returned deps   sntp: 'https://registry.npmjs.org/sntp/-/sntp-1.0.9.tgz',
34 verbose readDependencies returned deps   'socket.io': 'https://registry.npmjs.org/socket.io/-/socket.io-1.3.7.tgz',
34 verbose readDependencies returned deps   'socket.io-adapter': 'https://registry.npmjs.org/socket.io-adapter/-/socket.io-adapter-0.3.1.tgz',
34 verbose readDependencies returned deps   'socket.io-client': 'https://registry.npmjs.org/socket.io-client/-/socket.io-client-1.3.7.tgz',
34 verbose readDependencies returned deps   'socket.io-parser': 'https://registry.npmjs.org/socket.io-parser/-/socket.io-parser-2.2.4.tgz',
34 verbose readDependencies returned deps   'source-map': 'https://registry.npmjs.org/source-map/-/source-map-0.1.34.tgz',
34 verbose readDependencies returned deps   split: 'https://registry.npmjs.org/split/-/split-0.3.3.tgz',
34 verbose readDependencies returned deps   sprintf: 'https://registry.npmjs.org/sprintf/-/sprintf-0.1.5.tgz',
34 verbose readDependencies returned deps   sql: 'https://registry.npmjs.org/sql/-/sql-0.35.0.tgz',
34 verbose readDependencies returned deps   'stack-trace': 'https://registry.npmjs.org/stack-trace/-/stack-trace-0.0.9.tgz',
34 verbose readDependencies returned deps   'stream-counter': 'https://registry.npmjs.org/stream-counter/-/stream-counter-0.2.0.tgz',
34 verbose readDependencies returned deps   string_decoder: 'https://registry.npmjs.org/string_decoder/-/string_decoder-0.10.31.tgz',
34 verbose readDependencies returned deps   stringstream: 'https://registry.npmjs.org/stringstream/-/stringstream-0.0.4.tgz',
34 verbose readDependencies returned deps   'strip-ansi': 'https://registry.npmjs.org/strip-ansi/-/strip-ansi-3.0.0.tgz',
34 verbose readDependencies returned deps   'strip-json-comments': 'https://registry.npmjs.org/strip-json-comments/-/strip-json-comments-0.1.3.tgz',
34 verbose readDependencies returned deps   'strip-path': 'https://registry.npmjs.org/strip-path/-/strip-path-0.1.1.tgz',
34 verbose readDependencies returned deps   'supports-color': 'https://registry.npmjs.org/supports-color/-/supports-color-2.0.0.tgz',
34 verbose readDependencies returned deps   switchback: 'https://registry.npmjs.org/switchback/-/switchback-1.1.3.tgz',
34 verbose readDependencies returned deps   tape: 'https://registry.npmjs.org/tape/-/tape-0.2.2.tgz',
34 verbose readDependencies returned deps   templayed: 'https://registry.npmjs.org/templayed/-/templayed-0.2.3.tgz',
34 verbose readDependencies returned deps   thenify: 'https://registry.npmjs.org/thenify/-/thenify-3.1.0.tgz',
34 verbose readDependencies returned deps   'thenify-all': 'https://registry.npmjs.org/thenify-all/-/thenify-all-1.6.0.tgz',
34 verbose readDependencies returned deps   through: 'https://registry.npmjs.org/through/-/through-2.3.8.tgz',
34 verbose readDependencies returned deps   through2: 'https://registry.npmjs.org/through2/-/through2-0.6.5.tgz',
34 verbose readDependencies returned deps   'timers-ext': 'https://registry.npmjs.org/timers-ext/-/timers-ext-0.1.0.tgz',
34 verbose readDependencies returned deps   'tiny-lr': 'https://registry.npmjs.org/tiny-lr/-/tiny-lr-0.0.4.tgz',
34 verbose readDependencies returned deps   'to-array': 'https://registry.npmjs.org/to-array/-/to-array-0.1.3.tgz',
34 verbose readDependencies returned deps   'toposort-class': 'https://registry.npmjs.org/toposort-class/-/toposort-class-1.0.1.tgz',
34 verbose readDependencies returned deps   'tough-cookie': 'https://registry.npmjs.org/tough-cookie/-/tough-cookie-2.0.0.tgz',
34 verbose readDependencies returned deps   'tunnel-agent': 'https://registry.npmjs.org/tunnel-agent/-/tunnel-agent-0.4.1.tgz',
34 verbose readDependencies returned deps   'type-is': 'https://registry.npmjs.org/type-is/-/type-is-1.3.2.tgz',
34 verbose readDependencies returned deps   typedarray: 'https://registry.npmjs.org/typedarray/-/typedarray-0.0.6.tgz',
34 verbose readDependencies returned deps   'uglify-js': 'https://registry.npmjs.org/uglify-js/-/uglify-js-2.4.24.tgz',
34 verbose readDependencies returned deps   'uglify-to-browserify': 'https://registry.npmjs.org/uglify-to-browserify/-/uglify-to-browserify-1.0.2.tgz',
34 verbose readDependencies returned deps   'uid-safe': 'https://registry.npmjs.org/uid-safe/-/uid-safe-1.1.0.tgz',
34 verbose readDependencies returned deps   ultron: 'https://registry.npmjs.org/ultron/-/ultron-1.0.2.tgz',
34 verbose readDependencies returned deps   underscore: 'https://registry.npmjs.org/underscore/-/underscore-1.8.3.tgz',
34 verbose readDependencies returned deps   'underscore.string': 'https://registry.npmjs.org/underscore.string/-/underscore.string-2.2.1.tgz',
34 verbose readDependencies returned deps   'utf-8-validate': 'https://registry.npmjs.org/utf-8-validate/-/utf-8-validate-1.2.1.tgz',
34 verbose readDependencies returned deps   utf8: 'https://registry.npmjs.org/utf8/-/utf8-2.1.0.tgz',
34 verbose readDependencies returned deps   'util-deprecate': 'https://registry.npmjs.org/util-deprecate/-/util-deprecate-1.0.1.tgz',
34 verbose readDependencies returned deps   utile: 'https://registry.npmjs.org/utile/-/utile-0.2.1.tgz',
34 verbose readDependencies returned deps   'utils-merge': 'https://registry.npmjs.org/utils-merge/-/utils-merge-1.0.0.tgz',
34 verbose readDependencies returned deps   validator: 'https://registry.npmjs.org/validator/-/validator-4.0.6.tgz',
34 verbose readDependencies returned deps   vary: 'https://registry.npmjs.org/vary/-/vary-1.0.1.tgz',
34 verbose readDependencies returned deps   vhost: 'https://registry.npmjs.org/vhost/-/vhost-2.0.0.tgz',
34 verbose readDependencies returned deps   waterline: 'https://registry.npmjs.org/waterline/-/waterline-0.10.26.tgz',
34 verbose readDependencies returned deps   'waterline-criteria': 'https://registry.npmjs.org/waterline-criteria/-/waterline-criteria-0.11.2.tgz',
34 verbose readDependencies returned deps   'waterline-cursor': 'https://registry.npmjs.org/waterline-cursor/-/waterline-cursor-0.0.6.tgz',
34 verbose readDependencies returned deps   'waterline-errors': 'https://registry.npmjs.org/waterline-errors/-/waterline-errors-0.10.1.tgz',
34 verbose readDependencies returned deps   'waterline-schema': 'https://registry.npmjs.org/waterline-schema/-/waterline-schema-0.1.18.tgz',
34 verbose readDependencies returned deps   'waterline-sequel': 'https://registry.npmjs.org/waterline-sequel/-/waterline-sequel-0.5.0.tgz',
34 verbose readDependencies returned deps   'web-resource-inliner': 'https://registry.npmjs.org/web-resource-inliner/-/web-resource-inliner-1.1.3.tgz',
34 verbose readDependencies returned deps   wellknown: 'https://registry.npmjs.org/wellknown/-/wellknown-0.3.4.tgz',
34 verbose readDependencies returned deps   which: 'https://registry.npmjs.org/which/-/which-1.0.9.tgz',
34 verbose readDependencies returned deps   'window-size': 'https://registry.npmjs.org/window-size/-/window-size-0.1.0.tgz',
34 verbose readDependencies returned deps   winston: 'https://registry.npmjs.org/winston/-/winston-0.8.3.tgz',
34 verbose readDependencies returned deps   wkx: 'https://registry.npmjs.org/wkx/-/wkx-0.1.0.tgz',
34 verbose readDependencies returned deps   wordwrap: 'https://registry.npmjs.org/wordwrap/-/wordwrap-0.0.2.tgz',
34 verbose readDependencies returned deps   wrappy: 'https://registry.npmjs.org/wrappy/-/wrappy-1.0.1.tgz',
34 verbose readDependencies returned deps   wru: 'https://registry.npmjs.org/wru/-/wru-0.2.7.tgz',
34 verbose readDependencies returned deps   ws: 'https://registry.npmjs.org/ws/-/ws-0.8.0.tgz',
34 verbose readDependencies returned deps   xmlhttprequest: 'https://github.com/rase-/node-XMLHttpRequest/archive/a6b6f2.tar.gz',
34 verbose readDependencies returned deps   xtend: 'https://registry.npmjs.org/xtend/-/xtend-4.0.0.tgz',
34 verbose readDependencies returned deps   yargs: 'https://registry.npmjs.org/yargs/-/yargs-3.5.4.tgz',
34 verbose readDependencies returned deps   'zlib-browserify': 'https://registry.npmjs.org/zlib-browserify/-/zlib-browserify-0.0.3.tgz' }
35 verbose cache add [ 'winston@1.1.1', null ]
36 verbose cache add name=undefined spec="winston@1.1.1" args=["winston@1.1.1",null]
37 verbose parsed url { protocol: null,
37 verbose parsed url   slashes: null,
37 verbose parsed url   auth: null,
37 verbose parsed url   host: null,
37 verbose parsed url   port: null,
37 verbose parsed url   hostname: null,
37 verbose parsed url   hash: null,
37 verbose parsed url   search: null,
37 verbose parsed url   query: null,
37 verbose parsed url   pathname: 'winston@1.1.1',
37 verbose parsed url   path: 'winston@1.1.1',
37 verbose parsed url   href: 'winston@1.1.1' }
38 verbose cache add name="winston" spec="1.1.1" args=["winston","1.1.1"]
39 verbose parsed url { protocol: null,
39 verbose parsed url   slashes: null,
39 verbose parsed url   auth: null,
39 verbose parsed url   host: null,
39 verbose parsed url   port: null,
39 verbose parsed url   hostname: null,
39 verbose parsed url   hash: null,
39 verbose parsed url   search: null,
39 verbose parsed url   query: null,
39 verbose parsed url   pathname: '1.1.1',
39 verbose parsed url   path: '1.1.1',
39 verbose parsed url   href: '1.1.1' }
40 verbose addNamed [ 'winston', '1.1.1' ]
41 verbose addNamed [ '1.1.1', '1.1.1' ]
42 silly lockFile a1dbb58d-winston-1-1-1 winston@1.1.1
43 verbose lock winston@1.1.1 /home/thanh/.npm/a1dbb58d-winston-1-1-1.lock
44 verbose request where is /winston
45 verbose request registry https://registry.npmjs.org/
46 verbose request id d44672333e7d8f93
47 verbose url raw /winston
48 verbose url resolving [ 'https://registry.npmjs.org/', './winston' ]
49 verbose url resolved https://registry.npmjs.org/winston
50 verbose request where is https://registry.npmjs.org/winston
51 info trying registry request attempt 1 at 11:08:34
52 verbose etag "ARZ9EWFDRULNEK9ECD8ER746Y"
53 http GET https://registry.npmjs.org/winston
54 http 200 https://registry.npmjs.org/winston
55 silly registry.get cb [ 200,
55 silly registry.get   { server: 'CouchDB/1.5.0 (Erlang OTP/R16B03)',
55 silly registry.get     etag: '"81M0AF0XG6IPZ2SJYPOLE5H0Q"',
55 silly registry.get     'content-type': 'application/json',
55 silly registry.get     'cache-control': 'max-age=60',
55 silly registry.get     'content-length': '71538',
55 silly registry.get     'accept-ranges': 'bytes',
55 silly registry.get     date: 'Fri, 23 Oct 2015 04:08:35 GMT',
55 silly registry.get     via: '1.1 varnish',
55 silly registry.get     age: '20',
55 silly registry.get     connection: 'keep-alive',
55 silly registry.get     'x-served-by': 'cache-lax1434-LAX',
55 silly registry.get     'x-cache': 'HIT',
55 silly registry.get     'x-cache-hits': '1',
55 silly registry.get     'x-timer': 'S1445573315.278327,VS0,VE0',
55 silly registry.get     vary: 'Accept' } ]
56 silly lockFile 58f15e2a-js-org-winston-winston-1-1-1-tgz https://registry.npmjs.org/winston/-/winston-1.1.1.tgz
57 verbose lock https://registry.npmjs.org/winston/-/winston-1.1.1.tgz /home/thanh/.npm/58f15e2a-js-org-winston-winston-1-1-1-tgz.lock
58 verbose addRemoteTarball [ 'https://registry.npmjs.org/winston/-/winston-1.1.1.tgz',
58 verbose addRemoteTarball   '9f1887afb92cc0f23459d20de2a185b5ae11a9b0' ]
59 info retry fetch attempt 1 at 11:08:35
60 verbose fetch to= /tmp/npm-10953-Z_lBibfn/registry.npmjs.org/winston/-/winston-1.1.1.tgz
61 http GET https://registry.npmjs.org/winston/-/winston-1.1.1.tgz
62 http 200 https://registry.npmjs.org/winston/-/winston-1.1.1.tgz
63 silly lockFile 58f15e2a-js-org-winston-winston-1-1-1-tgz https://registry.npmjs.org/winston/-/winston-1.1.1.tgz
64 silly lockFile 58f15e2a-js-org-winston-winston-1-1-1-tgz https://registry.npmjs.org/winston/-/winston-1.1.1.tgz
65 silly lockFile a1dbb58d-winston-1-1-1 winston@1.1.1
66 silly lockFile a1dbb58d-winston-1-1-1 winston@1.1.1
67 error Error: EACCES, mkdir '/home/thanh/.npm/winston/1.1.1'
67 error  { [Error: EACCES, mkdir '/home/thanh/.npm/winston/1.1.1']
67 error   errno: 3,
67 error   code: 'EACCES',
67 error   path: '/home/thanh/.npm/winston/1.1.1',
67 error   parent: 'RedimedProject' }
68 error Please try running this command again as root/Administrator.
69 error System Linux 3.19.0-31-generic
70 error command "/usr/bin/node" "/usr/bin/npm" "install" "winston@1.1.1"
71 error cwd /home/thanh/MeditekProjects/Web Applications/Server
72 error node -v v0.10.37
73 error npm -v 1.4.28
74 error path /home/thanh/.npm/winston/1.1.1
75 error code EACCES
76 error errno 3
77 error stack Error: EACCES, mkdir '/home/thanh/.npm/winston/1.1.1'
78 verbose exit [ 3, true ]
